2026-01-11 13:30:35.364319 [INFO] [Context.cc:179] <<--- --- --- ---
2026-01-11 13:30:35.365316 [INFO] [Context.cc:180]   --- --- --- ---
2026-01-11 13:30:35.365316 [INFO] [Context.cc:181]   --- --- --- --->>
2026-01-11 13:30:35.365316 [INFO] [Context.cc:182] aria2 1.36.0
2026-01-11 13:30:35.365316 [INFO] [Context.cc:183] mingw-w64 8.0.0 (alpha) / gcc 10-win32 20210110
  built by  x86_64-pc-linux-gnu
  targeting x86_64-w64-mingw32
  on        Aug 21 2021 17:37:16
2026-01-11 13:30:35.365316 [INFO] [Context.cc:184] Windows 6.2 (x86_64) (6.2)
2026-01-11 13:30:35.365316 [INFO] [Context.cc:185] zlib/1.2.11 expat/2.4.1 sqlite3/3.36.0 GMP/6.2.1 c-ares/1.17.2 libssh2/1.9.0
2026-01-11 13:30:35.365316 [INFO] [Context.cc:186] Logging started.
2026-01-11 13:30:35.365316 [INFO] [SocketCore.cc:1585] Checking configured addresses
2026-01-11 13:30:35.516912 [INFO] [SocketCore.cc:1649] Not considered: fe80::bd5b:83b6:c8cd:a44a%31
2026-01-11 13:30:35.516912 [INFO] [SocketCore.cc:1646] Found configured address: 10.4.18.51
2026-01-11 13:30:35.520903 [INFO] [SocketCore.cc:1649] Not considered: fe80::ca2d:a9ea:5f56:f84d%9
2026-01-11 13:30:35.520903 [INFO] [SocketCore.cc:1649] Not considered: 169.254.24.61
2026-01-11 13:30:35.520903 [INFO] [SocketCore.cc:1649] Not considered: fe80::adc1:a52b:fef8:10bb%8
2026-01-11 13:30:35.520903 [INFO] [SocketCore.cc:1649] Not considered: 169.254.229.231
2026-01-11 13:30:35.520903 [INFO] [SocketCore.cc:1649] Not considered: fe80::138c:68a6:fa2f:5623%15
2026-01-11 13:30:35.520903 [INFO] [SocketCore.cc:1649] Not considered: 169.254.236.121
2026-01-11 13:30:35.520903 [INFO] [SocketCore.cc:1646] Found configured address: 2601:444:a02:fab0::5871
2026-01-11 13:30:35.520903 [INFO] [SocketCore.cc:1646] Found configured address: 2601:444:a02:fab0:7a95:bf6a:5811:6bdd
2026-01-11 13:30:35.520903 [INFO] [SocketCore.cc:1646] Found configured address: 2601:444:a02:fab0:a906:aed2:771:2ffc
2026-01-11 13:30:35.520903 [INFO] [SocketCore.cc:1649] Not considered: fe80::d924:ccb7:6184:b424%6
2026-01-11 13:30:35.520903 [INFO] [SocketCore.cc:1646] Found configured address: 192.168.1.195
2026-01-11 13:30:35.520903 [INFO] [SocketCore.cc:1649] Not considered: fe80::a0ad:4e1f:d0a4:d8a4%5
2026-01-11 13:30:35.520903 [INFO] [SocketCore.cc:1649] Not considered: 169.254.200.85
2026-01-11 13:30:35.524892 [INFO] [SocketCore.cc:1649] Not considered: ::1
2026-01-11 13:30:35.525924 [INFO] [SocketCore.cc:1649] Not considered: 127.0.0.1
2026-01-11 13:30:35.525924 [INFO] [SocketCore.cc:1656] IPv4 configured=1, IPv6 configured=1
2026-01-11 13:30:35.542841 [INFO] [HttpListenCommand.cc:106] CUID#7 - Using port 6800 for accepting new connections
2026-01-11 13:30:35.542841 [NOTICE] [HttpListenCommand.cc:108] IPv4 RPC: listening on TCP port 6800
2026-01-11 13:30:35.591712 [INFO] [HttpListenCommand.cc:106] CUID#8 - Using port 6800 for accepting new connections
2026-01-11 13:30:35.593707 [NOTICE] [HttpListenCommand.cc:108] IPv6 RPC: listening on TCP port 6800
2026-01-11 13:30:41.205575 [INFO] [HttpListenCommand.cc:77] RPC: Accepted the connection from ::1:50399.
2026-01-11 13:30:41.205575 [INFO] [HttpServer.cc:186] HTTP Server received request
POST /jsonrpc HTTP/1.1
Accept-Encoding: identity
Content-Length: 93
Host: localhost:6800
User-Agent: Python-urllib/3.14
Content-Type: application/json
Connection: close


2026-01-11 13:30:41.205575 [INFO] [rpc_helper.cc:103] Executing RPC method aria2.getVersion
2026-01-11 13:30:41.205575 [DEBUG] [HttpServer.cc:296] HTTP Server sends response:
HTTP/1.1 200 OK
Date: Sun, 11 Jan 2026 19:30:41 GMT
Content-Length: 182
Expires: Sun, 11 Jan 2026 19:30:41 GMT
Cache-Control: no-cache
Content-Type: application/json-rpc
Connection: close


2026-01-11 13:30:41.205575 [INFO] [AbstractHttpServerResponseCommand.cc:117] CUID#9 - HttpServer: all response transmitted.
2026-01-11 13:30:41.207778 [INFO] [HttpListenCommand.cc:77] RPC: Accepted the connection from ::1:50400.
2026-01-11 13:30:41.207778 [INFO] [HttpServer.cc:186] HTTP Server received request
POST /jsonrpc HTTP/1.1
Accept-Encoding: identity
Content-Length: 221
Host: localhost:6800
User-Agent: Python-urllib/3.14
Content-Type: application/json
Connection: close


2026-01-11 13:30:41.207778 [INFO] [rpc_helper.cc:103] Executing RPC method aria2.addUri
2026-01-11 13:30:41.207778 [DEBUG] [HttpServer.cc:296] HTTP Server sends response:
HTTP/1.1 200 OK
Date: Sun, 11 Jan 2026 19:30:41 GMT
Content-Length: 59
Expires: Sun, 11 Jan 2026 19:30:41 GMT
Cache-Control: no-cache
Content-Type: application/json-rpc
Connection: close


2026-01-11 13:30:41.207778 [DEBUG] [RequestGroupMan.cc:591] 1 RequestGroup(s) added.
2026-01-11 13:30:41.207778 [INFO] [AbstractHttpServerResponseCommand.cc:117] CUID#10 - HttpServer: all response transmitted.
2026-01-11 13:30:41.209046 [DEBUG] [AbstractCommand.cc:181] CUID#11 - socket: read:0, write:0, hup:0, err:0
2026-01-11 13:30:41.209046 [DEBUG] [FeedbackURISelector.cc:162] Selected from normCands
2026-01-11 13:30:41.209046 [DEBUG] [FeedbackURISelector.cc:84] FeedbackURISelector selected http://speed.hetzner.de/1MB.bin
2026-01-11 13:30:41.209046 [DEBUG] [AbstractCommand.cc:181] CUID#11 - socket: read:0, write:0, hup:0, err:0
2026-01-11 13:30:41.234457 [INFO] [AsyncNameResolverMan.cc:82] CUID#11 - Resolving hostname speed.hetzner.de
2026-01-11 13:30:41.803661 [DEBUG] [AbstractCommand.cc:181] CUID#11 - socket: read:0, write:0, hup:0, err:0
2026-01-11 13:30:41.803661 [INFO] [AbstractCommand.cc:816] CUID#11 - Name resolution complete: speed.hetzner.de -> 88.198.248.254
2026-01-11 13:30:41.803661 [INFO] [HttpInitiateConnectionCommand.cc:123] CUID#11 - Connecting to 88.198.248.254:80
2026-01-11 13:30:41.804664 [DEBUG] [AbstractCommand.cc:181] CUID#11 - socket: read:0, write:0, hup:0, err:0
2026-01-11 13:30:41.969443 [DEBUG] [AbstractCommand.cc:181] CUID#11 - socket: read:0, write:1, hup:0, err:0
2026-01-11 13:30:41.970471 [DEBUG] [AbstractCommand.cc:181] CUID#11 - socket: read:0, write:1, hup:0, err:0
2026-01-11 13:30:41.970471 [INFO] [HttpConnection.cc:128] CUID#11 - Requesting:
GET /1MB.bin HTTP/1.1
User-Agent: aria2/1.36.0
Accept: */*,application/metalink4+xml,application/metalink+xml
Host: speed.hetzner.de
Want-Digest: SHA-512;q=1, SHA-256;q=1, SHA;q=0.1


2026-01-11 13:30:42.139490 [DEBUG] [AbstractCommand.cc:181] CUID#11 - socket: read:1, write:0, hup:0, err:0
2026-01-11 13:30:42.139490 [INFO] [HttpConnection.cc:163] CUID#11 - Response received:
HTTP/1.1 200 OK
Server: nginx
Date: Sun, 11 Jan 2026 19:27:33 GMT
Content-Type: text/html
Content-Length: 1059
Last-Modified: Thu, 12 Dec 2024 10:51:16 GMT
Connection: keep-alive
ETag: "675ac024-423"
Accept-Ranges: bytes


2026-01-11 13:30:42.139490 [DEBUG] [RequestGroup.cc:1045] Finding PreDownloadHandler for path C:/Users/DanPa/Documents/Downloader/downloads/1MB.bin.
2026-01-11 13:30:42.139490 [DEBUG] [RequestGroup.cc:1060] No PreDownloadHandler found.
2026-01-11 13:30:42.139490 [INFO] [DefaultBtProgressInfoFile.cc:415] The segment file C:/Users/DanPa/Documents/Downloader/downloads/1MB.bin.aria2 does not exist.
2026-01-11 13:30:42.139490 [DEBUG] [DefaultPieceStorage.cc:637] Instantiating DirectDiskAdaptor
2026-01-11 13:30:42.140486 [INFO] [DefaultBtProgressInfoFile.cc:415] The segment file C:/Users/DanPa/Documents/Downloader/downloads/1MB.bin.aria2 does not exist.
2026-01-11 13:30:42.140486 [INFO] [DefaultBtProgressInfoFile.cc:415] The segment file C:/Users/DanPa/Documents/Downloader/downloads/1MB.bin.aria2 does not exist.
2026-01-11 13:30:42.140486 [INFO] [DefaultBtProgressInfoFile.cc:415] The segment file C:/Users/DanPa/Documents/Downloader/downloads/1MB.bin.aria2 does not exist.
2026-01-11 13:30:42.141488 [DEBUG] [DefaultPieceStorage.cc:168] usedPieces_.size()=1
2026-01-11 13:30:42.141488 [DEBUG] [SegmentMan.cc:140] Attach segment#0 to CUID#11.
2026-01-11 13:30:42.141488 [DEBUG] [SegmentMan.cc:146] Flushing cached data, size=0
2026-01-11 13:30:42.141488 [DEBUG] [WrDiskCache.cc:95] Update cache entry size=0, delta=0, clock=1
2026-01-11 13:30:42.141488 [DEBUG] [SegmentMan.cc:163] index=0, length=1059, segmentLength=1048576, writtenLength=0
2026-01-11 13:30:42.141488 [DEBUG] [WrDiskCache.cc:95] Update cache entry size=0, delta=0, clock=2
2026-01-11 13:30:42.142485 [INFO] [DefaultBtProgressInfoFile.cc:205] Saving the segment file C:/Users/DanPa/Documents/Downloader/downloads/1MB.bin.aria2
2026-01-11 13:30:42.144923 [INFO] [DefaultBtProgressInfoFile.cc:217] The segment file was saved successfully.
2026-01-11 13:30:42.145921 [DEBUG] [AbstractCommand.cc:181] CUID#11 - socket: read:0, write:0, hup:0, err:0
2026-01-11 13:30:42.145921 [DEBUG] [Piece.cc:342] updateWrCache entry=0000000002c45700
2026-01-11 13:30:42.145921 [DEBUG] [WrDiskCacheEntry.cc:94] WrDiskCacheEntry cache goff=0, len=1059
2026-01-11 13:30:42.145921 [DEBUG] [WrDiskCache.cc:95] Update cache entry size=1059, delta=1059, clock=3
2026-01-11 13:30:42.145921 [INFO] [DownloadCommand.cc:242] CUID#11 - The download for one segment completed successfully.
2026-01-11 13:30:42.145921 [DEBUG] [WrDiskCache.cc:95] Update cache entry size=1059, delta=-1059, clock=4
2026-01-11 13:30:42.145921 [DEBUG] [AbstractSingleDiskAdaptor.cc:100] Cache flush goff=0, len=1059
2026-01-11 13:30:42.145921 [DEBUG] [WrDiskCache.cc:79] Removed cache entry size=0, clock=5
2026-01-11 13:30:42.145921 [INFO] [DefaultPieceStorage.cc:483] The download was complete.
2026-01-11 13:30:42.145921 [INFO] [DownloadEngine.cc:315] Pool socket for 88.198.248.254(80)
2026-01-11 13:30:42.145921 [DEBUG] [RequestGroup.cc:983] GID#f1c257353d9d74f3 - Request queue check
2026-01-11 13:30:42.145921 [DEBUG] [ServerStat.cc:107] ServerStat:speed.hetzner.de: singleConnectionAvgSpeed_ old:0.00KB/s new:147.74KB/s last:147.74KB/s
2026-01-11 13:30:42.147915 [NOTICE] [RequestGroup.cc:1214] Download complete: C:/Users/DanPa/Documents/Downloader/downloads/1MB.bin
2026-01-11 13:30:42.164390 [INFO] [DefaultBtProgressInfoFile.cc:411] The segment file C:/Users/DanPa/Documents/Downloader/downloads/1MB.bin.aria2 exists.
2026-01-11 13:30:42.165390 [DEBUG] [RequestGroup.cc:1067] Finding PostDownloadHandler for path C:/Users/DanPa/Documents/Downloader/downloads/1MB.bin.
2026-01-11 13:30:42.165390 [DEBUG] [RequestGroup.cc:1081] No PostDownloadHandler found.
2026-01-11 13:30:42.165390 [DEBUG] [RequestGroup.cc:1173] GID#f1c257353d9d74f3 - Creating DownloadResult.
2026-01-11 13:30:42.165390 [DEBUG] [DefaultPieceStorage.cc:745] Removed 0 have entries.
2026-01-11 13:30:42.165390 [DEBUG] [RequestGroupMan.cc:481] 1 RequestGroup(s) deleted.
2026-01-11 13:30:47.091072 [INFO] [HttpListenCommand.cc:77] RPC: Accepted the connection from ::1:50402.
2026-01-11 13:30:47.091072 [INFO] [HttpServer.cc:186] HTTP Server received request
POST /jsonrpc HTTP/1.1
Accept-Encoding: identity
Content-Length: 211
Host: localhost:6800
User-Agent: Python-urllib/3.14
Content-Type: application/json
Connection: close


2026-01-11 13:30:47.091072 [INFO] [rpc_helper.cc:103] Executing RPC method aria2.tellStatus
2026-01-11 13:30:47.091072 [DEBUG] [HttpServer.cc:296] HTTP Server sends response:
HTTP/1.1 200 OK
Date: Sun, 11 Jan 2026 19:30:47 GMT
Content-Length: 166
Expires: Sun, 11 Jan 2026 19:30:47 GMT
Cache-Control: no-cache
Content-Type: application/json-rpc
Connection: close


2026-01-11 13:30:47.091072 [INFO] [AbstractHttpServerResponseCommand.cc:117] CUID#12 - HttpServer: all response transmitted.
2026-01-11 13:31:06.283879 [DEBUG] [DownloadEngine.cc:327] Scanning SocketPool and erasing timed out entry.
2026-01-11 13:31:06.283879 [DEBUG] [DownloadEngine.cc:333] 1 entries removed.
2026-01-11 13:32:13.786740 [NOTICE] [DownloadEngine.cc:265] Emergency shutdown sequence commencing...
